0 info it worked if it ends with ok
1 verbose cli [ 'C:\\Program Files\\nodejs\\node.exe',
1 verbose cli   'C:\\Program Files\\nodejs\\node_modules\\npm\\bin\\npm-cli.js',
1 verbose cli   'install',
1 verbose cli   '-g',
1 verbose cli   'nodemon' ]
2 info using npm@2.15.5
3 info using node@v4.4.5
4 verbose install initial load of C:\Users\amaczugo\AppData\Roaming\npm\package.json
5 verbose readDependencies loading dependencies from C:\Users\amaczugo\AppData\Roaming\npm\package.json
6 silly cache add args [ 'nodemon', null ]
7 verbose cache add spec nodemon
8 silly cache add parsed spec Result {
8 silly cache add   raw: 'nodemon',
8 silly cache add   scope: null,
8 silly cache add   name: 'nodemon',
8 silly cache add   rawSpec: '',
8 silly cache add   spec: 'latest',
8 silly cache add   type: 'tag' }
9 silly addNamed nodemon@latest
10 verbose addNamed "latest" is being treated as a dist-tag for nodemon
11 info addNameTag [ 'nodemon', 'latest' ]
12 silly mapToRegistry name nodemon
13 silly mapToRegistry using default registry
14 silly mapToRegistry registry https://registry.npmjs.org/
15 silly mapToRegistry data Result {
15 silly mapToRegistry   raw: 'nodemon',
15 silly mapToRegistry   scope: null,
15 silly mapToRegistry   name: 'nodemon',
15 silly mapToRegistry   rawSpec: '',
15 silly mapToRegistry   spec: 'latest',
15 silly mapToRegistry   type: 'tag' }
16 silly mapToRegistry uri https://registry.npmjs.org/nodemon
17 verbose addNameTag registry:https://registry.npmjs.org/nodemon not in flight; fetching
18 verbose request uri https://registry.npmjs.org/nodemon
19 verbose request no auth needed
20 info attempt registry request try #1 at 12:50:51 PM
21 verbose request id dd195c007a815771
22 http request GET https://registry.npmjs.org/nodemon
23 info retry will retry, error on last attempt: Error: unable to get local issuer certificate
24 info attempt registry request try #2 at 12:51:01 PM
25 http request GET https://registry.npmjs.org/nodemon
26 info retry will retry, error on last attempt: Error: unable to get local issuer certificate
27 info attempt registry request try #3 at 12:52:01 PM
28 http request GET https://registry.npmjs.org/nodemon
29 verbose stack Error: unable to get local issuer certificate
29 verbose stack     at Error (native)
29 verbose stack     at TLSSocket.<anonymous> (_tls_wrap.js:1017:38)
29 verbose stack     at emitNone (events.js:67:13)
29 verbose stack     at TLSSocket.emit (events.js:166:7)
29 verbose stack     at TLSSocket._init.ssl.onclienthello.ssl.oncertcb.TLSSocket._finishInit (_tls_wrap.js:582:8)
29 verbose stack     at TLSWrap.ssl.onclienthello.ssl.oncertcb.ssl.onnewsession.ssl.onhandshakedone (_tls_wrap.js:424:38)
30 verbose cwd C:\Users\amaczugo\Documents\GitHub\node-project-server
31 error Windows_NT 6.1.7601
32 error argv "C:\\Program Files\\nodejs\\node.exe" "C:\\Program Files\\nodejs\\node_modules\\npm\\bin\\npm-cli.js" "install" "-g" "nodemon"
33 error node v4.4.5
34 error npm  v2.15.5
35 error code UNABLE_TO_GET_ISSUER_CERT_LOCALLY
36 error unable to get local issuer certificate
37 error If you need help, you may report this error at:
37 error     <https://github.com/npm/npm/issues>
38 verbose exit [ 1, true ]
